# JRE version: OpenJDK Runtime Environment (7.0_95) (build 1.7.0_95-b00)
# Java VM: OpenJDK 64-Bit Server VM (24.95-b01 mixed mode linux-amd64 compressed oops)
Heap
 PSYoungGen      total 28160K, used 12857K [0x00000000e1600000, 0x00000000e3500000, 0x0000000100000000)
  eden space 24576K, 52% used [0x00000000e1600000,0x00000000e228e680,0x00000000e2e00000)
  from space 3584K, 0% used [0x00000000e2e00000,0x00000000e2e00000,0x00000000e3180000)
  to   space 3584K, 0% used [0x00000000e3180000,0x00000000e3180000,0x00000000e3500000)
 ParOldGen       total 62464K, used 2432K [0x00000000a4200000, 0x00000000a7f00000, 0x00000000e1600000)
  object space 62464K, 3% used [0x00000000a4200000,0x00000000a44601c8,0x00000000a7f00000)
 PSPermGen       total 21504K, used 16939K [0x0000000099c00000, 0x000000009b100000, 0x00000000a4200000)
  object space 21504K, 78% used [0x0000000099c00000,0x000000009ac8ada0,0x000000009b100000)
GC Heap History (4 events):
Event: 0.385 GC heap before
{Heap before GC invocations=1 (full 0):
 PSYoungGen      total 28160K, used 11504K [0x00000000e1600000, 0x00000000e3500000, 0x0000000100000000)
  eden space 24576K, 46% used [0x00000000e1600000,0x00000000e213c300,0x00000000e2e00000)
  from space 3584K, 0% used [0x00000000e3180000,0x00000000e3180000,0x00000000e3500000)
  to   space 3584K, 0% used [0x00000000e2e00000,0x00000000e2e00000,0x00000000e3180000)
 ParOldGen       total 62464K, used 0K [0x00000000a4200000, 0x00000000a7f00000, 0x00000000e1600000)
  object space 62464K, 0% used [0x00000000a4200000,0x00000000a4200000,0x00000000a7f00000)
 PSPermGen       total 21504K, used 8233K [0x0000000099c00000, 0x000000009b100000, 0x00000000a4200000)
  object space 21504K, 38% used [0x0000000099c00000,0x000000009a40a6d8,0x000000009b100000)
Event: 0.397 GC heap after
Heap after GC invocations=1 (full 0):
 PSYoungGen      total 28160K, used 2632K [0x00000000e1600000, 0x00000000e3500000, 0x0000000100000000)
  eden space 24576K, 0% used [0x00000000e1600000,0x00000000e1600000,0x00000000e2e00000)
  from space 3584K, 73% used [0x00000000e2e00000,0x00000000e3092398,0x00000000e3180000)
  to   space 3584K, 0% used [0x00000000e3180000,0x00000000e3180000,0x00000000e3500000)
 ParOldGen       total 62464K, used 8K [0x00000000a4200000, 0x00000000a7f00000, 0x00000000e1600000)
  object space 62464K, 0% used [0x00000000a4200000,0x00000000a4202000,0x00000000a7f00000)
 PSPermGen       total 21504K, used 8233K [0x0000000099c00000, 0x000000009b100000, 0x00000000a4200000)
  object space 21504K, 38% used [0x0000000099c00000,0x000000009a40a6d8,0x000000009b100000)
}
Event: 0.397 GC heap before
{Heap before GC invocations=2 (full 1):
 PSYoungGen      total 28160K, used 2632K [0x00000000e1600000, 0x00000000e3500000, 0x0000000100000000)
  eden space 24576K, 0% used [0x00000000e1600000,0x00000000e1600000,0x00000000e2e00000)
  from space 3584K, 73% used [0x00000000e2e00000,0x00000000e3092398,0x00000000e3180000)
  to   space 3584K, 0% used [0x00000000e3180000,0x00000000e3180000,0x00000000e3500000)
 ParOldGen       total 62464K, used 8K [0x00000000a4200000, 0x00000000a7f00000, 0x00000000e1600000)
  object space 62464K, 0% used [0x00000000a4200000,0x00000000a4202000,0x00000000a7f00000)
 PSPermGen       total 21504K, used 8233K [0x0000000099c00000, 0x000000009b100000, 0x00000000a4200000)
  object space 21504K, 38% used [0x0000000099c00000,0x000000009a40a6d8,0x000000009b100000)
Event: 0.443 GC heap after
Heap after GC invocations=2 (full 1):
 PSYoungGen      total 28160K, used 0K [0x00000000e1600000, 0x00000000e3500000, 0x0000000100000000)
  eden space 24576K, 0% used [0x00000000e1600000,0x00000000e1600000,0x00000000e2e00000)
  from space 3584K, 0% used [0x00000000e2e00000,0x00000000e2e00000,0x00000000e3180000)
  to   space 3584K, 0% used [0x00000000e3180000,0x00000000e3180000,0x00000000e3500000)
 ParOldGen       total 62464K, used 2432K [0x00000000a4200000, 0x00000000a7f00000, 0x00000000e1600000)
  object space 62464K, 3% used [0x00000000a4200000,0x00000000a44601c8,0x00000000a7f00000)
 PSPermGen       total 21504K, used 8231K [0x0000000099c00000, 0x000000009b100000, 0x00000000a4200000)
  object space 21504K, 38% used [0x0000000099c00000,0x000000009a409c48,0x000000009b100000)
}

